2022-08-03 17:15:53.998  INFO 6072 --- [restartedMain] c.e.T.TurkcellAtmProjectApplication      : Starting TurkcellAtmProjectApplication using Java 18.0.1.1 on DESKTOP-B42GF9U with PID 6072 (C:\TurkcellSpringBoot\TurkcellAtmProject\target\classes started by Toshiba in C:\TurkcellSpringBoot\TurkcellAtmProject)
2022-08-03 17:15:54.001  INFO 6072 --- [restartedMain] c.e.T.TurkcellAtmProjectApplication      : No active profile set, falling back to 1 default profile: "default"
2022-08-03 17:15:54.344  INFO 6072 --- [restartedMain] .e.DevToolsPropertyDefaultsPostProcessor : Devtools property defaults active! Set 'spring.devtools.add-properties' to 'false' to disable
2022-08-03 17:15:54.344  INFO 6072 --- [restartedMain] .e.DevToolsPropertyDefaultsPostProcessor : For additional web related logging consider setting the 'logging.level.web' property to 'DEBUG'
2022-08-03 17:16:01.260  INFO 6072 --- [restartedMain] .s.d.r.c.RepositoryConfigurationDelegate : Bootstrapping Spring Data JPA repositories in DEFAULT mode.
2022-08-03 17:16:01.334  INFO 6072 --- [restartedMain] .s.d.r.c.RepositoryConfigurationDelegate : Finished Spring Data repository scanning in 25 ms. Found 0 JPA repository interfaces.
2022-08-03 17:16:10.630  INFO 6072 --- [restartedMain] o.s.b.w.embedded.tomcat.TomcatWebServer  : Tomcat initialized with port(s): 8080 (http)
2022-08-03 17:16:10.741  INFO 6072 --- [restartedMain] o.apache.catalina.core.StandardService   : Starting service [Tomcat]
2022-08-03 17:16:10.742  INFO 6072 --- [restartedMain] org.apache.catalina.core.StandardEngine  : Starting Servlet engine: [Apache Tomcat/9.0.65]
2022-08-03 17:16:11.250  INFO 6072 --- [restartedMain] o.a.c.c.C.[Tomcat].[localhost].[/]       : Initializing Spring embedded WebApplicationContext
2022-08-03 17:16:11.251  INFO 6072 --- [restartedMain] w.s.c.ServletWebServerApplicationContext : Root WebApplicationContext: initialization completed in 16905 ms
2022-08-03 17:16:11.794  INFO 6072 --- [restartedMain] com.zaxxer.hikari.HikariDataSource       : HikariPool-1 - Starting...
2022-08-03 17:16:13.623  INFO 6072 --- [restartedMain] com.zaxxer.hikari.HikariDataSource       : HikariPool-1 - Start completed.
2022-08-03 17:16:13.653  INFO 6072 --- [restartedMain] o.s.b.a.h2.H2ConsoleAutoConfiguration    : H2 console available at '/h2-console'. Database available at 'jdbc:postgresql://localhost:5432/turkcell_db'
2022-08-03 17:16:14.336  INFO 6072 --- [restartedMain] o.hibernate.jpa.internal.util.LogHelper  : HHH000204: Processing PersistenceUnitInfo [name: default]
2022-08-03 17:16:14.612  INFO 6072 --- [restartedMain] org.hibernate.Version                    : HHH000412: Hibernate ORM core version 5.6.10.Final
2022-08-03 17:16:15.254  INFO 6072 --- [restartedMain] o.hibernate.annotations.common.Version   : HCANN000001: Hibernate Commons Annotations {5.1.2.Final}
2022-08-03 17:16:15.574  INFO 6072 --- [restartedMain] org.hibernate.dialect.Dialect            : HHH000400: Using dialect: org.hibernate.dialect.H2Dialect
2022-08-03 17:16:16.552  INFO 6072 --- [restartedMain] o.h.e.t.j.p.i.JtaPlatformInitiator       : HHH000490: Using JtaPlatform implementation: [org.hibernate.engine.transaction.jta.platform.internal.NoJtaPlatform]
2022-08-03 17:16:16.575  INFO 6072 --- [restartedMain] j.LocalContainerEntityManagerFactoryBean : Initialized JPA EntityManagerFactory for persistence unit 'default'
2022-08-03 17:16:16.948  WARN 6072 --- [restartedMain] JpaBaseConfiguration$JpaWebConfiguration : spring.jpa.open-in-view is enabled by default. Therefore, database queries may be performed during view rendering. Explicitly configure spring.jpa.open-in-view to disable this warning
2022-08-03 17:16:17.322  INFO 6072 --- [restartedMain] o.s.b.a.w.s.WelcomePageHandlerMapping    : Adding welcome page template: index
2022-08-03 17:16:19.812  INFO 6072 --- [restartedMain] o.s.b.d.a.OptionalLiveReloadServer       : LiveReload server is running on port 35729
2022-08-03 17:16:19.825  INFO 6072 --- [restartedMain] o.s.b.a.e.web.EndpointLinksResolver      : Exposing 1 endpoint(s) beneath base path '/actuator'
2022-08-03 17:16:19.958  INFO 6072 --- [restartedMain] o.s.b.w.embedded.tomcat.TomcatWebServer  : Tomcat started on port(s): 8080 (http) with context path ''
2022-08-03 17:16:20.028  INFO 6072 --- [restartedMain] c.e.T.TurkcellAtmProjectApplication      : Started TurkcellAtmProjectApplication in 28.201 seconds (JVM running for 33.117)
